<?xml version="1.0" encoding="UTF-8"?>
<testsuite xmlns:xsi="http://www.w3.org/2001/XMLSchema-instance" xsi:noNamespaceSchemaLocation="https://maven.apache.org/surefire/maven-surefire-plugin/xsd/surefire-test-report-3.0.xsd" version="3.0" name="com.hrms.runners.SmokeRunner" time="109.089" tests="10" errors="0" skipped="0" failures="0">
  <properties>
[...]
</properties>
  <testcase name="Negative Sceneario Add employee without name and lastname" classname="Add Employee" time="16.101">
    <system-out><![CDATA[
@addemployee @smoke
Scenario: Negative Sceneario Add employee without name and lastname &amp#27;[90m# src/test/resources/features/AddEmploye.feature:20&amp#27;[0m
Scenario startingNegative Sceneario Add employee without name and lastname
  &amp#27;[32mGiven &amp#27;[0m&amp#27;[32mI logged into HRMS&amp#27;[0m                                          &amp#27;[90m# com.hrms.stepDefinitions.AddEmployee.I_logged_into_HRMS()&amp#27;[0m
  &amp#27;[32mWhen &amp#27;[0m&amp#27;[32mI naviate to AddEmployee Page&amp#27;[0m                                &amp#27;[90m# com.hrms.stepDefinitions.AddEmployee.i_naviate_to_add_employee_page()&amp#27;[0m
  &amp#27;[32mThen &amp#27;[0m&amp#27;[32mI click save btn&amp#27;[0m                                             &amp#27;[90m# com.hrms.stepDefinitions.AddEmployee.i_click_save_btn()&amp#27;[0m
  &amp#27;[32mThen &amp#27;[0m&amp#27;[32mI see required error message&amp#27;[0m                                 &amp#27;[90m# com.hrms.stepDefinitions.AddEmployee.I_see_required_error_message()&amp#27;[0m
Ending scenarioNegative Sceneario Add employee without name and lastname

    Embedding Negative Sceneario Add employee without name and lastname [image/png 68611 bytes]

]]></system-out>
    <system-err><![CDATA[SLF4J: Failed to load class "org.slf4j.impl.StaticLoggerBinder".
SLF4J: Defaulting to no-operation (NOP) logger implementation
SLF4J: See http://www.slf4j.org/codes.html#StaticLoggerBinder for further details.
Starting ChromeDriver 87.0.4280.88 (89e2380a3e36c3464b5dd1302349b1382549290d-refs/branch-heads/4280@{#1761}) on port 37948
Only local connections are allowed.
Please see https://chromedriver.chromium.org/security-considerations for suggestions on keeping ChromeDriver safe.
ChromeDriver was started successfully.
Jan 22, 2021 12:25:19 PM org.openqa.selenium.remote.ProtocolHandshake createSession
INFO: Detected dialect: W3C
]]></system-err>
  </testcase>
  <testcase name="Adding multiple Employees #1" classname="Add Employee" time="15.587">
    <system-out><![CDATA[
@addemployee @smoke
Scenario Outline: Adding multiple Employees                       &amp#27;[90m# src/test/resources/features/AddEmploye.feature:38&amp#27;[0m
Scenario startingAdding multiple Employees
  &amp#27;[32mGiven &amp#27;[0m&amp#27;[32mI logged into HRMS&amp#27;[0m                                        &amp#27;[90m# com.hrms.stepDefinitions.AddEmployee.I_logged_into_HRMS()&amp#27;[0m
  &amp#27;[32mWhen &amp#27;[0m&amp#27;[32mI naviate to AddEmployee Page&amp#27;[0m                              &amp#27;[90m# com.hrms.stepDefinitions.AddEmployee.i_naviate_to_add_employee_page()&amp#27;[0m
  &amp#27;[32mWhen &amp#27;[0m&amp#27;[32mI add first &amp#27;[0m&amp#27;[32m&amp#27;[1m"Jon"&amp#27;[0m&amp#27;[32m middle &amp#27;[0m&amp#27;[32m&amp#27;[1m"Simit"&amp#27;[0m&amp#27;[32m and &amp#27;[0m&amp#27;[32m&amp#27;[1m"Simit"&amp#27;[0m               &amp#27;[90m# com.hrms.stepDefinitions.AddEmployee.I_add_first___middle__and_(java.lang.String,java.lang.String,java.lang.String)&amp#27;[0m
  &amp#27;[32mAnd &amp#27;[0m&amp#27;[32mI click save btn&amp#27;[0m                                            &amp#27;[90m# com.hrms.stepDefinitions.AddEmployee.i_click_save_btn()&amp#27;[0m
  &amp#27;[32mThen &amp#27;[0m&amp#27;[32mI see Employee with &amp#27;[0m&amp#27;[32m&amp#27;[1m"Jon"&amp#27;[0m&amp#27;[32m &amp#27;[0m&amp#27;[32m&amp#27;[1m"Simit"&amp#27;[0m&amp#27;[32m and &amp#27;[0m&amp#27;[32m&amp#27;[1m"Simit"&amp#27;[0m&amp#27;[32m is displayed&amp#27;[0m &amp#27;[90m# com.hrms.stepDefinitions.AddEmployee.I_see_Employee_with___and__is_displayed(java.lang.String,java.lang.String,java.lang.String)&amp#27;[0m
Ending scenarioAdding multiple Employees

    Embedding Adding multiple Employees [image/png 116542 bytes]

]]></system-out>
    <system-err><![CDATA[Starting ChromeDriver 87.0.4280.88 (89e2380a3e36c3464b5dd1302349b1382549290d-refs/branch-heads/4280@{#1761}) on port 39371
Only local connections are allowed.
Please see https://chromedriver.chromium.org/security-considerations for suggestions on keeping ChromeDriver safe.
ChromeDriver was started successfully.
Jan 22, 2021 12:25:30 PM org.openqa.selenium.remote.ProtocolHandshake createSession
INFO: Detected dialect: W3C
]]></system-err>
  </testcase>
  <testcase name="Adding multiple Employees #2" classname="Add Employee" time="13.293">
    <system-out><![CDATA[
@addemployee @smoke
Scenario Outline: Adding multiple Employees                          &amp#27;[90m# src/test/resources/features/AddEmploye.feature:39&amp#27;[0m
Scenario startingAdding multiple Employees
  &amp#27;[32mGiven &amp#27;[0m&amp#27;[32mI logged into HRMS&amp#27;[0m                                           &amp#27;[90m# com.hrms.stepDefinitions.AddEmployee.I_logged_into_HRMS()&amp#27;[0m
  &amp#27;[32mWhen &amp#27;[0m&amp#27;[32mI naviate to AddEmployee Page&amp#27;[0m                                 &amp#27;[90m# com.hrms.stepDefinitions.AddEmployee.i_naviate_to_add_employee_page()&amp#27;[0m
  &amp#27;[32mWhen &amp#27;[0m&amp#27;[32mI add first &amp#27;[0m&amp#27;[32m&amp#27;[1m"AliVeli"&amp#27;[0m&amp#27;[32m middle &amp#27;[0m&amp#27;[32m&amp#27;[1m"Deliz"&amp#27;[0m&amp#27;[32m and &amp#27;[0m&amp#27;[32m&amp#27;[1m"Zeli"&amp#27;[0m               &amp#27;[90m# com.hrms.stepDefinitions.AddEmployee.I_add_first___middle__and_(java.lang.String,java.lang.String,java.lang.String)&amp#27;[0m
  &amp#27;[32mAnd &amp#27;[0m&amp#27;[32mI click save btn&amp#27;[0m                                               &amp#27;[90m# com.hrms.stepDefinitions.AddEmployee.i_click_save_btn()&amp#27;[0m
  &amp#27;[32mThen &amp#27;[0m&amp#27;[32mI see Employee with &amp#27;[0m&amp#27;[32m&amp#27;[1m"AliVeli"&amp#27;[0m&amp#27;[32m &amp#27;[0m&amp#27;[32m&amp#27;[1m"Deliz"&amp#27;[0m&amp#27;[32m and &amp#27;[0m&amp#27;[32m&amp#27;[1m"Zeli"&amp#27;[0m&amp#27;[32m is displayed&amp#27;[0m &amp#27;[90m# com.hrms.stepDefinitions.AddEmployee.I_see_Employee_with___and__is_displayed(java.lang.String,java.lang.String,java.lang.String)&amp#27;[0m
Ending scenarioAdding multiple Employees

    Embedding Adding multiple Employees [image/png 116797 bytes]

]]></system-out>
    <system-err><![CDATA[Starting ChromeDriver 87.0.4280.88 (89e2380a3e36c3464b5dd1302349b1382549290d-refs/branch-heads/4280@{#1761}) on port 14187
Only local connections are allowed.
Please see https://chromedriver.chromium.org/security-considerations for suggestions on keeping ChromeDriver safe.
ChromeDriver was started successfully.
Jan 22, 2021 12:25:47 PM org.openqa.selenium.remote.ProtocolHandshake createSession
INFO: Detected dialect: W3C
]]></system-err>
  </testcase>
  <testcase name="Adding multiple Employees #3" classname="Add Employee" time="13.647">
    <system-out><![CDATA[
@addemployee @smoke
Scenario Outline: Adding multiple Employees                      &amp#27;[90m# src/test/resources/features/AddEmploye.feature:40&amp#27;[0m
Scenario startingAdding multiple Employees
  &amp#27;[32mGiven &amp#27;[0m&amp#27;[32mI logged into HRMS&amp#27;[0m                                       &amp#27;[90m# com.hrms.stepDefinitions.AddEmployee.I_logged_into_HRMS()&amp#27;[0m
  &amp#27;[32mWhen &amp#27;[0m&amp#27;[32mI naviate to AddEmployee Page&amp#27;[0m                             &amp#27;[90m# com.hrms.stepDefinitions.AddEmployee.i_naviate_to_add_employee_page()&amp#27;[0m
  &amp#27;[32mWhen &amp#27;[0m&amp#27;[32mI add first &amp#27;[0m&amp#27;[32m&amp#27;[1m"Keli"&amp#27;[0m&amp#27;[32m middle &amp#27;[0m&amp#27;[32m&amp#27;[1m"Deli"&amp#27;[0m&amp#27;[32m and &amp#27;[0m&amp#27;[32m&amp#27;[1m"Zoli"&amp#27;[0m               &amp#27;[90m# com.hrms.stepDefinitions.AddEmployee.I_add_first___middle__and_(java.lang.String,java.lang.String,java.lang.String)&amp#27;[0m
  &amp#27;[32mAnd &amp#27;[0m&amp#27;[32mI click save btn&amp#27;[0m                                           &amp#27;[90m# com.hrms.stepDefinitions.AddEmployee.i_click_save_btn()&amp#27;[0m
  &amp#27;[32mThen &amp#27;[0m&amp#27;[32mI see Employee with &amp#27;[0m&amp#27;[32m&amp#27;[1m"Keli"&amp#27;[0m&amp#27;[32m &amp#27;[0m&amp#27;[32m&amp#27;[1m"Deli"&amp#27;[0m&amp#27;[32m and &amp#27;[0m&amp#27;[32m&amp#27;[1m"Zoli"&amp#27;[0m&amp#27;[32m is displayed&amp#27;[0m &amp#27;[90m# com.hrms.stepDefinitions.AddEmployee.I_see_Employee_with___and__is_displayed(java.lang.String,java.lang.String,java.lang.String)&amp#27;[0m
Ending scenarioAdding multiple Employees

    Embedding Adding multiple Employees [image/png 115665 bytes]

]]></system-out>
    <system-err><![CDATA[Starting ChromeDriver 87.0.4280.88 (89e2380a3e36c3464b5dd1302349b1382549290d-refs/branch-heads/4280@{#1761}) on port 38524
Only local connections are allowed.
Please see https://chromedriver.chromium.org/security-considerations for suggestions on keeping ChromeDriver safe.
ChromeDriver was started successfully.
Jan 22, 2021 12:25:59 PM org.openqa.selenium.remote.ProtocolHandshake createSession
INFO: Detected dialect: W3C
]]></system-err>
  </testcase>
  <testcase name="Adding multiple Employees #4" classname="Add Employee" time="12.081">
    <system-out><![CDATA[
@addemployee @smoke
Scenario Outline: Adding multiple Employees                            &amp#27;[90m# src/test/resources/features/AddEmploye.feature:41&amp#27;[0m
Scenario startingAdding multiple Employees
  &amp#27;[32mGiven &amp#27;[0m&amp#27;[32mI logged into HRMS&amp#27;[0m                                             &amp#27;[90m# com.hrms.stepDefinitions.AddEmployee.I_logged_into_HRMS()&amp#27;[0m
  &amp#27;[32mWhen &amp#27;[0m&amp#27;[32mI naviate to AddEmployee Page&amp#27;[0m                                   &amp#27;[90m# com.hrms.stepDefinitions.AddEmployee.i_naviate_to_add_employee_page()&amp#27;[0m
  &amp#27;[32mWhen &amp#27;[0m&amp#27;[32mI add first &amp#27;[0m&amp#27;[32m&amp#27;[1m"Concona"&amp#27;[0m&amp#27;[32m middle &amp#27;[0m&amp#27;[32m&amp#27;[1m"Middle"&amp#27;[0m&amp#27;[32m and &amp#27;[0m&amp#27;[32m&amp#27;[1m"Zeyno"&amp#27;[0m               &amp#27;[90m# com.hrms.stepDefinitions.AddEmployee.I_add_first___middle__and_(java.lang.String,java.lang.String,java.lang.String)&amp#27;[0m
  &amp#27;[32mAnd &amp#27;[0m&amp#27;[32mI click save btn&amp#27;[0m                                                 &amp#27;[90m# com.hrms.stepDefinitions.AddEmployee.i_click_save_btn()&amp#27;[0m
  &amp#27;[32mThen &amp#27;[0m&amp#27;[32mI see Employee with &amp#27;[0m&amp#27;[32m&amp#27;[1m"Concona"&amp#27;[0m&amp#27;[32m &amp#27;[0m&amp#27;[32m&amp#27;[1m"Middle"&amp#27;[0m&amp#27;[32m and &amp#27;[0m&amp#27;[32m&amp#27;[1m"Zeyno"&amp#27;[0m&amp#27;[32m is displayed&amp#27;[0m &amp#27;[90m# com.hrms.stepDefinitions.AddEmployee.I_see_Employee_with___and__is_displayed(java.lang.String,java.lang.String,java.lang.String)&amp#27;[0m
Ending scenarioAdding multiple Employees

    Embedding Adding multiple Employees [image/png 118761 bytes]

]]></system-out>
    <system-err><![CDATA[Starting ChromeDriver 87.0.4280.88 (89e2380a3e36c3464b5dd1302349b1382549290d-refs/branch-heads/4280@{#1761}) on port 29019
Only local connections are allowed.
Please see https://chromedriver.chromium.org/security-considerations for suggestions on keeping ChromeDriver safe.
ChromeDriver was started successfully.
Jan 22, 2021 12:26:13 PM org.openqa.selenium.remote.ProtocolHandshake createSession
INFO: Detected dialect: W3C
]]></system-err>
  </testcase>
  <testcase name="invalid login" classname="Login" time="8.153">
    <system-out><![CDATA[
@sprint1 @login @smoke
Scenario: invalid login                                              &amp#27;[90m# src/test/resources/features/Login.feature:13&amp#27;[0m
Scenario startinginvalid login
  &amp#27;[32mWhen &amp#27;[0m&amp#27;[32mI enter invalid &amp#27;[0m&amp#27;[32m&amp#27;[1m"Burju_Invalid_User"&amp#27;[0m&amp#27;[32m and &amp#27;[0m&amp#27;[32m&amp#27;[1m"Burju_Invalid_User"&amp#27;[0m &amp#27;[90m# com.hrms.stepDefinitions.Login.I_enter_invalid_and_(java.lang.String,java.lang.String)&amp#27;[0m
  &amp#27;[32mThen &amp#27;[0m&amp#27;[32mI click login btn&amp#27;[0m                                             &amp#27;[90m# com.hrms.stepDefinitions.Login.i_click_login_btn()&amp#27;[0m
  &amp#27;[32mAnd &amp#27;[0m&amp#27;[32mI should see an error message&amp#27;[0m                                  &amp#27;[90m# com.hrms.stepDefinitions.Login.i_should_see_an_error_message()&amp#27;[0m
Ending scenarioinvalid login

    Embedding invalid login [image/png 119990 bytes]

]]></system-out>
    <system-err><![CDATA[Starting ChromeDriver 87.0.4280.88 (89e2380a3e36c3464b5dd1302349b1382549290d-refs/branch-heads/4280@{#1761}) on port 14502
Only local connections are allowed.
Please see https://chromedriver.chromium.org/security-considerations for suggestions on keeping ChromeDriver safe.
ChromeDriver was started successfully.
Jan 22, 2021 12:26:25 PM org.openqa.selenium.remote.ProtocolHandshake createSession
INFO: Detected dialect: W3C
]]></system-err>
  </testcase>
  <testcase name="Invalid Login and message validation #1" classname="Login" time="8.632">
    <system-out><![CDATA[
@sprint1 @login @smoke
Scenario Outline: Invalid Login and message validation &amp#27;[90m# src/test/resources/features/Login.feature:29&amp#27;[0m
Scenario startingInvalid Login and message validation
  &amp#27;[32mWhen &amp#27;[0m&amp#27;[32mI enter &amp#27;[0m&amp#27;[32m&amp#27;[1m"Admin"&amp#27;[0m&amp#27;[32m and &amp#27;[0m&amp#27;[32m&amp#27;[1m"invalidpas"&amp#27;[0m                &amp#27;[90m# com.hrms.stepDefinitions.Login.i_enter_and(java.lang.String,java.lang.String)&amp#27;[0m
  &amp#27;[32mAnd &amp#27;[0m&amp#27;[32mI click login btn&amp#27;[0m                                &amp#27;[90m# com.hrms.stepDefinitions.Login.i_click_login_btn()&amp#27;[0m
  &amp#27;[32mThen &amp#27;[0m&amp#27;[32mI should see an &amp#27;[0m&amp#27;[32m&amp#27;[1m"Invalid credentials"&amp#27;[0m&amp#27;[32m message&amp#27;[0m   &amp#27;[90m# com.hrms.stepDefinitions.Login.i_should_see_an_message(java.lang.String)&amp#27;[0m
Ending scenarioInvalid Login and message validation

    Embedding Invalid Login and message validation [image/png 119990 bytes]

]]></system-out>
    <system-err><![CDATA[Starting ChromeDriver 87.0.4280.88 (89e2380a3e36c3464b5dd1302349b1382549290d-refs/branch-heads/4280@{#1761}) on port 48556
Only local connections are allowed.
Please see https://chromedriver.chromium.org/security-considerations for suggestions on keeping ChromeDriver safe.
ChromeDriver was started successfully.
Jan 22, 2021 12:26:34 PM org.openqa.selenium.remote.ProtocolHandshake createSession
INFO: Detected dialect: W3C
]]></system-err>
  </testcase>
  <testcase name="Invalid Login and message validation #2" classname="Login" time="6.094">
    <system-out><![CDATA[
@sprint1 @login @smoke
Scenario Outline: Invalid Login and message validation    &amp#27;[90m# src/test/resources/features/Login.feature:30&amp#27;[0m
Scenario startingInvalid Login and message validation
  &amp#27;[32mWhen &amp#27;[0m&amp#27;[32mI enter &amp#27;[0m&amp#27;[32m&amp#27;[1m"Admin"&amp#27;[0m&amp#27;[32m and &amp#27;[0m&amp#27;[32m&amp#27;[1m""&amp#27;[0m                             &amp#27;[90m# com.hrms.stepDefinitions.Login.i_enter_and(java.lang.String,java.lang.String)&amp#27;[0m
  &amp#27;[32mAnd &amp#27;[0m&amp#27;[32mI click login btn&amp#27;[0m                                   &amp#27;[90m# com.hrms.stepDefinitions.Login.i_click_login_btn()&amp#27;[0m
  &amp#27;[32mThen &amp#27;[0m&amp#27;[32mI should see an &amp#27;[0m&amp#27;[32m&amp#27;[1m"Password cannot be empty"&amp#27;[0m&amp#27;[32m message&amp#27;[0m &amp#27;[90m# com.hrms.stepDefinitions.Login.i_should_see_an_message(java.lang.String)&amp#27;[0m
Ending scenarioInvalid Login and message validation

    Embedding Invalid Login and message validation [image/png 118994 bytes]

]]></system-out>
    <system-err><![CDATA[Starting ChromeDriver 87.0.4280.88 (89e2380a3e36c3464b5dd1302349b1382549290d-refs/branch-heads/4280@{#1761}) on port 27980
Only local connections are allowed.
Please see https://chromedriver.chromium.org/security-considerations for suggestions on keeping ChromeDriver safe.
ChromeDriver was started successfully.
Jan 22, 2021 12:26:42 PM org.openqa.selenium.remote.ProtocolHandshake createSession
INFO: Detected dialect: W3C
]]></system-err>
  </testcase>
  <testcase name="Invalid Login and message validation #3" classname="Login" time="7.31">
    <system-out><![CDATA[
@sprint1 @login @smoke
Scenario Outline: Invalid Login and message validation    &amp#27;[90m# src/test/resources/features/Login.feature:31&amp#27;[0m
Scenario startingInvalid Login and message validation
  &amp#27;[32mWhen &amp#27;[0m&amp#27;[32mI enter &amp#27;[0m&amp#27;[32m&amp#27;[1m""&amp#27;[0m&amp#27;[32m and &amp#27;[0m&amp#27;[32m&amp#27;[1m"Synt@x123!"&amp#27;[0m                        &amp#27;[90m# com.hrms.stepDefinitions.Login.i_enter_and(java.lang.String,java.lang.String)&amp#27;[0m
  &amp#27;[32mAnd &amp#27;[0m&amp#27;[32mI click login btn&amp#27;[0m                                   &amp#27;[90m# com.hrms.stepDefinitions.Login.i_click_login_btn()&amp#27;[0m
  &amp#27;[32mThen &amp#27;[0m&amp#27;[32mI should see an &amp#27;[0m&amp#27;[32m&amp#27;[1m"Username cannot be empty"&amp#27;[0m&amp#27;[32m message&amp#27;[0m &amp#27;[90m# com.hrms.stepDefinitions.Login.i_should_see_an_message(java.lang.String)&amp#27;[0m
Ending scenarioInvalid Login and message validation

    Embedding Invalid Login and message validation [image/png 118270 bytes]

]]></system-out>
    <system-err><![CDATA[Starting ChromeDriver 87.0.4280.88 (89e2380a3e36c3464b5dd1302349b1382549290d-refs/branch-heads/4280@{#1761}) on port 28982
Only local connections are allowed.
Please see https://chromedriver.chromium.org/security-considerations for suggestions on keeping ChromeDriver safe.
ChromeDriver was started successfully.
Jan 22, 2021 12:26:48 PM org.openqa.selenium.remote.ProtocolHandshake createSession
INFO: Detected dialect: W3C
]]></system-err>
  </testcase>
  <testcase name="Invalid Login and message validation #4" classname="Login" time="6.432">
    <system-out><![CDATA[
@sprint1 @login @smoke
Scenario Outline: Invalid Login and message validation    &amp#27;[90m# src/test/resources/features/Login.feature:32&amp#27;[0m
Scenario startingInvalid Login and message validation
  &amp#27;[32mWhen &amp#27;[0m&amp#27;[32mI enter &amp#27;[0m&amp#27;[32m&amp#27;[1m""&amp#27;[0m&amp#27;[32m and &amp#27;[0m&amp#27;[32m&amp#27;[1m""&amp#27;[0m                                  &amp#27;[90m# com.hrms.stepDefinitions.Login.i_enter_and(java.lang.String,java.lang.String)&amp#27;[0m
  &amp#27;[32mAnd &amp#27;[0m&amp#27;[32mI click login btn&amp#27;[0m                                   &amp#27;[90m# com.hrms.stepDefinitions.Login.i_click_login_btn()&amp#27;[0m
  &amp#27;[32mThen &amp#27;[0m&amp#27;[32mI should see an &amp#27;[0m&amp#27;[32m&amp#27;[1m"Username cannot be empty"&amp#27;[0m&amp#27;[32m message&amp#27;[0m &amp#27;[90m# com.hrms.stepDefinitions.Login.i_should_see_an_message(java.lang.String)&amp#27;[0m
Ending scenarioInvalid Login and message validation

    Embedding Invalid Login and message validation [image/png 117847 bytes]

]]></system-out>
    <system-err><![CDATA[Starting ChromeDriver 87.0.4280.88 (89e2380a3e36c3464b5dd1302349b1382549290d-refs/branch-heads/4280@{#1761}) on port 36878
Only local connections are allowed.
Please see https://chromedriver.chromium.org/security-considerations for suggestions on keeping ChromeDriver safe.
ChromeDriver was started successfully.
Jan 22, 2021 12:26:55 PM org.openqa.selenium.remote.ProtocolHandshake createSession
INFO: Detected dialect: W3C
]]></system-err>
  </testcase>
</testsuite>